<?xml version="1.0" encoding="UTF-8"?>
<!-- Generated by org.testng.reporters.JUnitReportReporter -->
<testsuite skipped="0" hostname="IN-SDakinedi-LT" name="test.java.com.infinera.dnam.gui.inventory.InventoryTests" tests="6" failures="0" timestamp="16 May 2018 18:05:04 GMT" time="359.684" errors="0">
  <testcase name="test01_VerifyInventoryManagerAndFiltersForOCM8P_NE_Context" time="60.594" classname="test.java.com.infinera.dnam.gui.inventory.InventoryTests"/>
  <testcase name="test18_VerifyInventoryManagerExportForOCM8P_Network_Context" time="60.226" classname="test.java.com.infinera.dnam.gui.inventory.InventoryTests"/>
  <testcase name="test09_VerifyInventoryManagerAndFiltersForOCM8P_Subnet_Context" time="60.615" classname="test.java.com.infinera.dnam.gui.inventory.InventoryTests"/>
  <testcase name="test10_VerifyInventoryManagerExportForOCM8P_Subnet_Context" time="60.145" classname="test.java.com.infinera.dnam.gui.inventory.InventoryTests"/>
  <testcase name="test17_VerifyInventoryManagerAndFiltersForOCM8P_Network_Context" time="61.975" classname="test.java.com.infinera.dnam.gui.inventory.InventoryTests"/>
  <testcase name="test02_VerifyInventoryManagerExportForOCM8P_NE_Context" time="56.129" classname="test.java.com.infinera.dnam.gui.inventory.InventoryTests"/>
</testsuite> <!-- test.java.com.infinera.dnam.gui.inventory.InventoryTests -->
