<?xml version="1.0" encoding="UTF-8"?>
<!-- Generated by org.testng.reporters.JUnitReportReporter -->
<testsuite skipped="3" hostname="IN-SDakinedi-LT" name="test.NewTest" tests="4" failures="0" timestamp="12 May 2018 12:27:22 GMT" time="47.010" errors="0">
  <testcase name="test08_Verify_ExportOfEvents_ForOCM8P_NE_Context" time="47.010" classname="test.NewTest"/>
  <testcase name="test01_VerifyInventoryManagerAndFiltersForOCM8P_NE_Context" classname="test.NewTest">
    <skipped/>
  </testcase> <!-- test01_VerifyInventoryManagerAndFiltersForOCM8P_NE_Context -->
  <testcase name="test07_Verify_EventsReportingAndFilters_ForOCM8P_NE_Context" classname="test.NewTest">
    <skipped/>
  </testcase> <!-- test07_Verify_EventsReportingAndFilters_ForOCM8P_NE_Context -->
  <testcase name="test02_VerifyInventoryManagerExportForOCM8P_NE_Context" classname="test.NewTest">
    <skipped/>
  </testcase> <!-- test02_VerifyInventoryManagerExportForOCM8P_NE_Context -->
</testsuite> <!-- test.NewTest -->
