<?xml version="1.0" encoding="UTF-8"?>
<!-- Generated by org.testng.reporters.JUnitReportReporter -->
<testsuite skipped="3" hostname="IN-SDakinedi-LT" name="com.infinera.dnam.gui.inventory.InventoryTests" tests="4" failures="0" timestamp="13 May 2018 15:39:04 GMT" time="49.313" errors="0">
  <testcase name="test10_VerifyInventoryManagerExportForOCM8P_Subnet_Context" time="49.313" classname="com.infinera.dnam.gui.inventory.InventoryTests"/>
  <testcase name="test18_VerifyInventoryManagerExportForOCM8P_Network_Context" classname="com.infinera.dnam.gui.inventory.InventoryTests">
    <skipped/>
  </testcase> <!-- test18_VerifyInventoryManagerExportForOCM8P_Network_Context -->
  <testcase name="test17_VerifyInventoryManagerAndFiltersForOCM8P_Network_Context" classname="com.infinera.dnam.gui.inventory.InventoryTests">
    <skipped/>
  </testcase> <!-- test17_VerifyInventoryManagerAndFiltersForOCM8P_Network_Context -->
  <testcase name="test09_VerifyInventoryManagerAndFiltersForOCM8P_Subnet_Context" classname="com.infinera.dnam.gui.inventory.InventoryTests">
    <skipped/>
  </testcase> <!-- test09_VerifyInventoryManagerAndFiltersForOCM8P_Subnet_Context -->
</testsuite> <!-- com.infinera.dnam.gui.inventory.InventoryTests -->
