<?xml version="1.0" encoding="UTF-8"?>
<!-- Generated by org.testng.reporters.JUnitReportReporter -->
<testsuite skipped="3" hostname="IN-SDakinedi-LT" name="tests.NewTest" tests="4" failures="0" timestamp="11 May 2018 11:20:09 GMT" time="15.583" errors="0">
  <testcase name="test08_Verify_ExportOfEvents_ForOCM8P_NE_Context" time="15.583" classname="tests.NewTest"/>
  <testcase name="test01_VerifyInventoryManagerAndFiltersForOCM8P_NE_Context" classname="tests.NewTest">
    <skipped/>
  </testcase> <!-- test01_VerifyInventoryManagerAndFiltersForOCM8P_NE_Context -->
  <testcase name="test02_VerifyInventoryManagerExportForOCM8P_NE_Context" classname="tests.NewTest">
    <skipped/>
  </testcase> <!-- test02_VerifyInventoryManagerExportForOCM8P_NE_Context -->
  <testcase name="test07_Verify_EventsReportingAndFilters_ForOCM8P_NE_Context" classname="tests.NewTest">
    <skipped/>
  </testcase> <!-- test07_Verify_EventsReportingAndFilters_ForOCM8P_NE_Context -->
</testsuite> <!-- tests.NewTest -->
