<?xml version="1.0" encoding="UTF-8"?>
<!-- Generated by org.testng.reporters.JUnitReportReporter -->
<testsuite skipped="0" hostname="IN-SDakinedi-LT" name="test.java.com.infinera.dnam.gui.alarms.AlarmsTests" tests="10" failures="0" timestamp="16 May 2018 17:30:00 GMT" time="679.146" errors="0">
  <testcase name="test19_Verify_AlarmsLogAndFilters_ForOCM8P_Network_Context" time="66.348" classname="test.java.com.infinera.dnam.gui.alarms.AlarmsTests"/>
  <testcase name="test03_VerifyAlarmReportingAndFiltersForOCM8P_NE_Context" time="75.939" classname="test.java.com.infinera.dnam.gui.alarms.AlarmsTests"/>
  <testcase name="test12_VerifyExportOfAlarmLogForOCM8P_Subnet_Context" time="69.546" classname="test.java.com.infinera.dnam.gui.alarms.AlarmsTests"/>
  <testcase name="test06_VerifyExportOfAlarmLogForOCM8P_NE_Context" time="64.465" classname="test.java.com.infinera.dnam.gui.alarms.AlarmsTests"/>
  <testcase name="test11_VerifyActiveAlarmReportingAndFiltersForOCM8P_Subnet_Context" time="77.331" classname="test.java.com.infinera.dnam.gui.alarms.AlarmsTests"/>
  <testcase name="test20_VerifyExportOfAlarmLogForOCM8P_Network_Context" time="64.973" classname="test.java.com.infinera.dnam.gui.alarms.AlarmsTests"/>
  <testcase name="test04_VerifyExportOfAlarmReportingForOCM8P_NE_Context" time="63.671" classname="test.java.com.infinera.dnam.gui.alarms.AlarmsTests"/>
  <testcase name="test13_Verify_AlarmsLogAndFilters_ForOCM8P_Subnet_Context" time="66.235" classname="test.java.com.infinera.dnam.gui.alarms.AlarmsTests"/>
  <testcase name="test05_Verify_AlarmsLogAndFilters_ForOCM8P_NE_Context" time="64.867" classname="test.java.com.infinera.dnam.gui.alarms.AlarmsTests"/>
  <testcase name="test14_VerifyExportOfAlarmLogForOCM8P_Subnet_Context" time="65.771" classname="test.java.com.infinera.dnam.gui.alarms.AlarmsTests"/>
</testsuite> <!-- test.java.com.infinera.dnam.gui.alarms.AlarmsTests -->
