<?xml version="1.0" encoding="UTF-8"?>
<!-- Generated by org.testng.reporters.JUnitReportReporter -->
<testsuite skipped="9" hostname="IN-SDakinedi-LT" name="test.java.com.infinera.dnam.gui.alarms.AlarmsTests" tests="10" failures="0" timestamp="17 May 2018 10:29:27 GMT" time="66.037" errors="0">
  <testcase name="test19_Verify_AlarmsLogAndFilters_ForOCM8P_Network_Context" time="66.037" classname="test.java.com.infinera.dnam.gui.alarms.AlarmsTests"/>
  <testcase name="test13_Verify_AlarmsLogAndFilters_ForOCM8P_Subnet_Context" classname="test.java.com.infinera.dnam.gui.alarms.AlarmsTests">
    <skipped/>
  </testcase> <!-- test13_Verify_AlarmsLogAndFilters_ForOCM8P_Subnet_Context -->
  <testcase name="test20_VerifyExportOfAlarmLogForOCM8P_Network_Context" classname="test.java.com.infinera.dnam.gui.alarms.AlarmsTests">
    <skipped/>
  </testcase> <!-- test20_VerifyExportOfAlarmLogForOCM8P_Network_Context -->
  <testcase name="test06_VerifyExportOfAlarmLogForOCM8P_NE_Context" classname="test.java.com.infinera.dnam.gui.alarms.AlarmsTests">
    <skipped/>
  </testcase> <!-- test06_VerifyExportOfAlarmLogForOCM8P_NE_Context -->
  <testcase name="test11_VerifyActiveAlarmReportingAndFiltersForOCM8P_Subnet_Context" classname="test.java.com.infinera.dnam.gui.alarms.AlarmsTests">
    <skipped/>
  </testcase> <!-- test11_VerifyActiveAlarmReportingAndFiltersForOCM8P_Subnet_Context -->
  <testcase name="test05_Verify_AlarmsLogAndFilters_ForOCM8P_NE_Context" classname="test.java.com.infinera.dnam.gui.alarms.AlarmsTests">
    <skipped/>
  </testcase> <!-- test05_Verify_AlarmsLogAndFilters_ForOCM8P_NE_Context -->
  <testcase name="test14_VerifyExportOfAlarmLogForOCM8P_Subnet_Context" classname="test.java.com.infinera.dnam.gui.alarms.AlarmsTests">
    <skipped/>
  </testcase> <!-- test14_VerifyExportOfAlarmLogForOCM8P_Subnet_Context -->
  <testcase name="test03_VerifyAlarmReportingAndFiltersForOCM8P_NE_Context" classname="test.java.com.infinera.dnam.gui.alarms.AlarmsTests">
    <skipped/>
  </testcase> <!-- test03_VerifyAlarmReportingAndFiltersForOCM8P_NE_Context -->
  <testcase name="test12_VerifyExportOfAlarmLogForOCM8P_Subnet_Context" classname="test.java.com.infinera.dnam.gui.alarms.AlarmsTests">
    <skipped/>
  </testcase> <!-- test12_VerifyExportOfAlarmLogForOCM8P_Subnet_Context -->
  <testcase name="test04_VerifyExportOfAlarmReportingForOCM8P_NE_Context" classname="test.java.com.infinera.dnam.gui.alarms.AlarmsTests">
    <skipped/>
  </testcase> <!-- test04_VerifyExportOfAlarmReportingForOCM8P_NE_Context -->
</testsuite> <!-- test.java.com.infinera.dnam.gui.alarms.AlarmsTests -->
