<?xml version="1.0" encoding="UTF-8"?>
<!-- Generated by org.testng.reporters.JUnitReportReporter -->
<testsuite skipped="0" hostname="IN-SDakinedi-LT" name="test.java.com.infinera.dnam.gui.events.EventsTests" tests="6" failures="0" timestamp="16 May 2018 17:53:44 GMT" time="368.920" errors="0">
  <testcase name="test22_Verify_ExportOfEvents_ForOCM8P_Network_Context" time="60.322" classname="test.java.com.infinera.dnam.gui.events.EventsTests"/>
  <testcase name="test08_Verify_ExportOfEvents_ForOCM8P_NE_Context" time="63.064" classname="test.java.com.infinera.dnam.gui.events.EventsTests"/>
  <testcase name="test21_Verify_EventsReportingAndFilters_ForOCM8P_Network_Context" time="59.390" classname="test.java.com.infinera.dnam.gui.events.EventsTests"/>
  <testcase name="test15_Verify_EventsReportingAndFilters_ForOCM8P_Subnet_Context" time="60.966" classname="test.java.com.infinera.dnam.gui.events.EventsTests"/>
  <testcase name="test07_Verify_EventsReportingAndFilters_ForOCM8P_NE_Context" time="64.005" classname="test.java.com.infinera.dnam.gui.events.EventsTests"/>
  <testcase name="test16_Verify_ExportOfEvents_ForOCM8P_Subnet_Context" time="61.173" classname="test.java.com.infinera.dnam.gui.events.EventsTests"/>
</testsuite> <!-- test.java.com.infinera.dnam.gui.events.EventsTests -->
